[    0.000000] Linux version 4.15.0-5-generic buildd@lcy01-amd64-029) (gcc version 7.4.0 (Ubuntu 7.4.0-1ubun1~18.04.1)) ##60-Ubuntu SMP Tue Jul 2 18:2220 UTC 2019 (Ubuntu 4.15.0-55.60-generic 4.15.18)
[    0.000000] Command line: BOOT_IMAGE=/boot/vmlinuz-4.15.0-55-generic rootUUID=cff99495-4abf-46b6-af32-df1478a88ffe r console=tty1 console=ttyS0
[    0.000000] KERNEL supported cpus:
[    0.000000]   Intel GenuineIntel
[   0.000000]   AMD AuthenticAMD
[    0.000000]   Centaur CentaurHauls
[    0.000000] x86/fpu: Supporting XVE feature 0x001 'x87floating point registers'
[   0.000000 x86/fpu: Supporting XSAVE feature 0x002: 'SSE registers'
[    0.0000000] x86/fp: Supporting XSAVE feature 0x004:'AVX registers'
[    0.000000] x86/fu: xtate_offset[2]:  576, xstate_sizes[2]:  256
[    0.000000] x86/fpu: Enabled xstate features 0x7,  conext size is 832 bytes, using 'standard' format.
[    0.000000] e820: BIOS-provided physical RAM map:
[    0.000000] BIOS-e820: [mem 0x0000000000000000-0x000000000009fbff] usable
[    0.000000] BIOS-e820: [mem 0x000000000009fc00-0x000000000009ffff] reserved
[    0.000000] BIOS-e820: [mem 0x00000000000f0000-0x00000000000fffff] reserved
[    0.000000] BIOS-e820: [mem 0x000000000100000-0x000000003ffeffff] usable
[    0.000000] BIOS-e820: [mem 0x000000003fff0000-0x000000003fffffff] ACPI data
[    0.000000] BIOS-e820: [mem 0x00000000fec00000-0x00000000fec00fff] reserved
[    0.000000] BIOS-e820: [mem 0x00000000fee00000-0x00000000fee00fff] reserved
[    0.000000] BIOS-e820: [mem 0x00000000fffc0000-0x00000000ffffffff] reserved
[    0.000000] NX (Exeute Disable) rotecton: active
[    0.000000] SMBIOS 2.5 present.
[    0.000000] DMI: inotek GmbH VirtualBox/VirtualBox, BIOS VirtualBox 12/01/2006
[    0.000000] Hypervisor detected: KVM
[    0.000000] e820: las_pfn = 0x3fff0 max_rch_pfn = 0x400000000
[    0.000000] MTRR: Disabled
[    0.000000] x86/PAT: MTRRs disabled, skipping PAT initialization too.
[    0.000000] CPU TRRs all blank - irtualzed system.[    0.00000] x86/PAT: Configuratio [0-7] WB  WT  UC-   WB  WT  UC-UC  
[    0.000000] found SMP MP-table at [mem 0x0009fff0-0x0009ffff] mapped at [        (ptrval)]
[    0.000000] Scanning 1 areas for low memory corruption
[    0.000000] RAMDISK: [mem 0x359d3000-0x36ce0fff]
[    0.000000] ACPI: Early table checksum verification disabled
[    0.000000] ACPI: RSDP 0x00000000000E0000 000024 (v02 VBOX  )[    0.000000] ACP: XSDT 0x00000003FFF030 00003C (v01 VBOX   VBOXXSDT 00000001 ASL  00000061)
[[   0.00000] ACPI: FCP 0x00000003FFF0F0 0000F4 (v04 VBOX   VBOXACP 00000001 ASL  00000061)
[    0.000000] CP: DSDT 0x000000003FFF0470 00021FF (v02 VBOX   VBOXBIOS 00000002 INTL 20100528)
[    0.000000] ACPI: FACS 0x000000003FFF0200 000040
[    0.000000] ACPI: FAC 0x000000003FFF0200 000040
[    0.000000] ACPI: APIC 0x000000003FFF0240 00005C (v02 VBOX   VBOXAPIC 00000001 ASL  00000061)
[    0.000000] ACPI: SSDT 0x000000003FFF02A0 0001CC (v01 VBOX   VBOXCPUT 00000002 INTL 2010058)
[    0.000000] No NUMA configuratio found
[    0.00000] Faking anodeat [mem 0x00000000000000-0x000000003ffeffff
[    0.000000] NODE_DATA(0) allocatd [mem0x3ffc5000-0x3ffeffff]
[    0.000000] kvm-clock: cpu 0, msr 0:3ff44001, primary cpu lock
    0.000000] kvvm-clck: Using msrs 4b564d01 and 4b564d00
[    0.000000] kvm-clock: using shed offse of 7427445944 cyes
[    0.000000] clocksource: kvm-clock: mask: 0xffffffffffffffff maxcycles: 01cd42e4dffb, max_dle_s: 881590591483 ns
[    0.000000] Zone ranges:
[    0.000000]   DMA      [mem 0x0000000000001000-0x0000000000ffffff]
[    0.000000]   MA32   [mem 0x00000000010000-0x000000003feffff]
[    0.000000]   Normal  epty
[    0.000000]   Device   empt
[   0.000000] Movable zone start for each node
[    0.000000] Early memory node ranges
[    0.000000]   node   0: [mem 0x0000000000001000-0x000000000009efff]
[    0.000000]   node   0: [mem 0x0000000000100000-0x000000003ffeffff]
[    0.000000] Reserved but unavailable: 114 pages
[    0.000000] Initmem setup node 0 [mem 0x0000000000001000-0x000000003ffeffff]
[    0.000000] ACPI: PM-Timer IO Port: 0x4008
[    0.000000] IOAPIC[0]: apic_id 2, version 32, address 0xfec00000, GSI 0-23
[    0.000000] ACPI: INT_SRC_OVR (bus 0 bus_irq 0 global_irq 2 dfl dfl)
[    0.000000] ACPI: INT_SRC_OVR (bus 0 bus_irq 9 global_irq 9 low level)
[    0.000000] Using ACPI (MADT) for SMP configuration information
[    0.000000] smpboot: Allowing 2 CPUs, 0 hotplug CPUs
[    0.000000] PM: Registered nosave memory: [mem 0x00000000-0x00000fff]
[    0.000000] PM: Registered nosave memory: [mem 0x0009f000-0x0009ffff]
[    0.000000] PM: Registered nosave memory: [mem 0x000a0000-0x000effff]
[    0.000000] PM: Registered nosave memory: [mem 0x000f0000-0x000fffff]
[    0.000000] e820: [mem 0x40000000-0xfebfffff] available for PCI devices
[    0.000000] Booting paravirtualized kernel on KVM
[    0.000000] clocksource: refined-jiffies: mask: 0xffffffff max_cycles: 0xffffffff, max_idle_ns: 7645519600211568 ns
[    0.000000] random: get_random_bytes called from start_kernel+0x99/0x4fd with crng_init=0
[    0.000000] setup_percpu: NR_CPUS:8192 nr_cpumask_bis:2 nr_cpu_ids:2nr_node_ids1
[   0.000000] percpu: Embedded 46 pages/cpu @        (ptrval) s15155 r8192 d2867 u1048576
[     0.0000] PV qspinlock hash table entries: 256 (order: 0, 4096 bytes)
[    0.000000] Built 1 zonelists, moility grouping on.  Total pages: 257913
[    0.000000] Policy zone: DMA32
[    0.000000] Kernel command line: BOOT_MAGE=/bot/vmlinuz-4.5.0-55geneic roo=UUID=cff9495-4af-46b6-af3-df1478a88ffe ro console=tty1 consle=ttyS0
[    0.000000] Mmory: 98072K/104120Kavailable (12300K kernel code, 2473K data, 4276K rodata, 2408K nit, 2416K bss, 65048K reserved, K cmareserved)
[    000000] SLUB: HWalign64, Order=0-3, MinObjects=0, CPUs=2, Nodes=1
[    0.000000] Kernel/User page tables isolation: enabled
[    0.000000] ftrace: allocating 39219 entries in 154 pages
[    0.004000] Hierarchical RCU implementation.
[    0.004000] 	RCU restricting CPUs from NR_CPUS=8192 to nr_cpu_ids=2.
[    0.004000] 	Tasks RCU enabled.
[    0.004000] RCU: Adjusting geometry for rcu_fanout_leaf=16, nr_cpu_ids=2
[    0.004000] NR_IRQS: 524544, nr_irqs: 440, preallocated irqs: 16
[    0.004000] Console: colour VGA+ 80x25
[    0.004000] cnsole [ty1] enabled
[    0.004000] console [ttS0] enabled
[    0.004000] ACPI: Core revision 20170831

[    0.04000] ACI: 2 CPI AML tables successfully acquired and loaded
[   0.004000] APIC: Switch to symmetric I/O mode setup
[    0.006109] x2apic enabled
[    0.008007] Switched APIC routing to physical x2apic.
[    0.013388] ..TIMER: vector=0x30 apic1=0 pin1=2 apic2=-1 pin2=-1
[    0.016007] tsc: Detected 1104.000 MHz processor
[    0.020016] Calibrating delay loop (skipped) preset value.. 2208.00 BogoMIPS (lpj=4416000)
[    0.024005] pid_max: default: 32768 minimum: 301
[    0.028461] Security Framework initialized
[    0.032008] Yama: becoming mindful.
[    0.036056] AppArmor: AppArmor initialized
[    0.042192] Dentry cache hash table entries: 131072 (order: 8, 1048576 bytes)
[    0.044678] Inode-cache hash table entries: 65536 (order: 7, 524288 bytes)
[    0.048034] Mount-cache hash table entries: 2048 (order: 2, 16384 bytes)
[    0.052020] Mountpoint-cache hash table entries: 2048 (order: 2, 16384 bytes)
[    0.056417] mce: CPU supports 0 MCE banks
[    0.058467] Last level iTLB entries: 4KB 64, 2MB 8, 4MB 8
[    0.060003] Last level dTLB entries: 4KB 64, 2MB 0, 4MB 0, 1GB 4
[    0.064010] Spectre V2 : Mitigation: Full generic retpoline
[    0.068006] Spectre V2 : Spectre v2 / SpectreRSB mitigation: Filling RSB on context switch
[    0.072007] Speculative Store Bypass: Vulnerable
[    0.076078] MDS: Vulnerable: Clear CPU buffers attempted, no microcode
[    0.080167] Freeing SMP alternatives memory: 36K
[    0.092000] smpboot: CPU0: Intel(R) Core(TM) m3-6Y30 CPU @ 0.90GHz (family: 0x6, model: 0x4e, stepping: 0x3)
[    0.092125] Performance Events: unsupported p6 CPU model 78 no PMU driver, software events only.
[    0.096091] Hierarchical SRCU implementation.
[    0.101596] NMI watchdog: Perf event create on CPU 0 failed with -2
[    0.104007] NMI watchdog: Perf NMI watchdog permanently disabled
[    0.108084] smp: Bringing up secondary CPUs ...
[    0.112117] x86: Booting SMP configuration:
[    0.116009] .... node  #0, CPUs:      #1
[    0.004000] kvm-clock: cpu 1, msr 0:3ff44041, secondary cpu clock
[    0.004000] mce: CPU supports 0 MCE banks
[    0.124034] smp: Brought up 1 node, 2 CPUs
[    0.125958] smpboot: Max logical packages: 1
[    0.128012] smpboot: Total of 2 processors activated (4416.00 BogoMIPS)
[    0.132195] devtmpfs: initialized
[    0.133908] x86/mm: Memory block size: 128MB
[    0.136273] evm: security.selinux
[    0.137963] evm: security.SMACK64
[    0.140007] evm: security.SMACK64EXEC
[    0.141935] evm: security.SMACK64TRANSMUTE
[    0.144003] evm: security.SMACK64MMAP
[    0.145936] evm: security.apparmor
[    0.148007] evm: security.ima
[    0.152008] evm: security.capability
[    0.156137] clocksource: jiffies: mask: 0xffffffff max_cycles: 0xffffffff, max_idle_ns: 7645041785100000 ns
[    0.160019] futex hash table entries: 512 (order: 3, 32768 bytes)
[    0.164529] pinctrl core: initialized pinctrl subsystem
[    0.172342] RTC time:  4:12:48, date: 07/30/19
[    0.176186] NET: Registered protocol family 16
[    0.180257] audit: initializing netlink subsys (disabled)
[    0.184649] audit: type=2000 audit(1564459971.976:1): state=initialized audit_enabled=0 res=1
[    0.192073] cpuidle: using governor ladder
[    0.196026] cpuidle: using governor menu
[    0.200138] ACPI: bus type PCI registered
[    0.204010] acpiphp: ACPI Hot Plug PCI Controller Driver version: 0.5
[    0.208262] PCI: Using configuration type 1 for base access
[    0.220237] HugeTLB registered 2.00 MiB page size, pre-allocated 0 pages
[    0.224159] ACPI: Added _OSI(Module Device)
[    0.228022] ACPI: Added _OSI(Processor Device)
[    0.232020] ACPI: Added _OSI(3.0 _SCP Extensions)
[    0.236007] ACPI: Added _OSI(Processor Aggregator Device)
[    0.240008] ACPI: Added _OSI(Linux-Dell-Video)
[    0.244006] ACPI: Added _OSI(Linux-Lenovo-NV-HDMI-Audio)
[    0.248015] ACPI: Added _OSI(Linux-HPI-Hybrid-Graphics)
[    0.252653] ACPI: Executed 1 blocks of module-level executable AML code
[    0.262793] ACPI: Interpreter enabled
[    0.264029] ACPI: (supports S0 S5)
[    0.265875] ACPI: Using IOAPIC for interrupt routing
[    0.269829] PCI: Using host bridge windows from ACPI; if necessary, use "pci=nocrs" and report a bug
[    0.272452] ACPI: Enabled 2 GPEs in block 00 to 07
[    0.289236] ACPI: PCI Root Bridge [PCI0] (domain 0000 [bus 00-ff])
[    0.292019] acpi PNP0A03:00: _OSC: OS supports [ASPM ClockPM Segments MSI]
[    0.296081] acpi PNP0A03:00: _OSC: not requesting OS control; OS requires [ExtendedConfig ASPM ClockPM MSI]
[    0.300030] acpi PNP0A03:00: fail to add MMCONFIG information, can't access extended PCI configuration space under this bridge.
[    0.308424] PCI host bridge to bus 0000:00
[    0.312012] pci_bus 0000:00: root bus resource [io  0x0000-0x0cf7 window]
[    0.316010] pci_bus 0000:00: root bus resource [io  0x0d00-0xffff window]
[    0.320012] pci_bus 0000:00: root bus resource [mem 0x000a0000-0x000bffff window]
[    0.324007] pci_bus 0000:00: root bus resource [mem 0x40000000-0xfdffffff window]
[    0.328012] pci_bus 0000:00: root bus resource [bus 00-ff]
[    0.337894] pci 0000:00:01.1: legacy IDE quirk: reg 0x10: [io  0x01f0-0x01f7]
[    0.340009] pci 0000:00:01.1: legacy IDE quirk: reg 0x14: [io  0x03f6]
[    0.344019] pci 0000:00:01.1: legacy IDE quirk: reg 0x18: [io  0x0170-0x0177]
[    0.348026] pci 0000:00:01.1: legacy IDE quirk: reg 0x1c: [io  0x0376]
[    0.379172] pci 0000:00:07.0: quirk: [io  0x4000-0x403f] claimed by PIIX4 ACPI
[    0.380041] pci 0000:00:07.0: quirk: [io  0x4100-0x410f] claimed by PIIX4 SMB
[    0.404302] ACPI: PCI Interrupt Link [LNKA] (IRQs 5 9 10 *11)
[    0.408506] ACPI: PCI Interrupt Link [LNKB] (IRQs 5 9 *10 11)
[    0.416033] ACPI: PCI Interrupt Link [LNKC] (IRQs 5 *9 10 11)
[    0.420257] ACPI: PCI Interrupt Link [LNKD] (IRQs 5 9 10 *11)
[    0.424655] SCSI subsystem initialized
[    0.428183] pci 0000:00:02.0: vgaarb: setting as boot VGA device
[    0.432000] pci 0000:00:02.0: vgaarb: VGA device added: decodes=io+mem,owns=io+mem,locks=none
[    0.432014] pci 0000:00:02.0: vgaarb: bridge control possible
[    0.436006] vgaarb: loaded
[    0.440071] ACPI: bus type USB registered
[    0.444037] usbcore: registered new interface driver usbfs
[    0.448034] usbcore: registered new interface driver hub
[    0.452061] usbcore: registered new device driver usb
[    0.456119] EDAC MC: Ver: 3.0.0
[    0.460524] PCI: Using ACPI for IRQ routing
[    0.464698] NetLabel: Initializing
[    0.468005] NetLabel:  domain hash size = 128
[    0.472005] NetLabel:  protocols = UNLABELED CIPSOv4 CALIPSO
[    0.476037] NetLabel:  unlabeled traffic allowed by default
[    0.480148] clocksource: Switched to clocksource kvm-clock
[    0.525635] VFS: Disk qotas dqut_6.6.0[    0.623421] VFS: Dquot-cache hash table entries: 512 (order 0, 4096 bytes)
[    0.661753] AppArmor: AppArmor Filesystem Enabled
[    0.664620] pnp:PnP ACPI init
[    0.743267] pnp: PnP ACPI: found 3 devices

[    0.780143] clocksource: acpi_pm: mask: 0xffffff max_cycles: 0xffffff, max_idle_ns: 2085701024 ns
[    .784032] NET: Registered protocofamily 2

[    0.880818] TCP established hash table entries: 8192 (order: 4, 65536 bytes)
[    0.888286] TCP bind hash table entries: 8192 (order: 5, 131072 bytes)
[    0.89232] TCP: Hash tables configured (established 8192 bind 8192)
[    0.96086] UDP hash tle entries:512 (order: 2,16384 bytes)
[    1.11370] UDP-Lit hash table entries: 12 (orer: , 16384 bytes)
[   1.272603 NET Registered protocol family 1
[    1.88065 pci 0000:0:00.0:Limitng dirct PI/PCI trnsfers
[    1.7631] pci 000000:01.: Activating ISA DMA hang workarounds
[    1.801689] pci 0000:00:02.0: Video device with shadowed ROM at [mem 0x000c0000-0x000dffff]
[    1.806099] Unpacking initramfs...

[    2.367842] Freeing initrd memory: 19512K
[    2.377172] clocksource: tsc: mask: 0xffffffffffffffff max_cycles: 0xfe9dc0dcaf, max_idle_ns: 440795257324 ns
[    2.412551] platform rtc_cmos: registered platform RTC device (no PNP device found)
[    2.422228] Scanning for low memory corruption every 60 seconds
[    2.429808] Initialise system trusted keyrings
[    2.442107] Key type blacklist registered
[    2.446641] workingset: timestamp_bits=36 max_order=18 bucket_order=0
[    2.455132] zbud: loaded
[    2.461235] squashfs: version 4.0 (2009/01/31) Phillip Lougher
[    2.478023] fuse init (API version 7.26)
[    2.489948] Key type asymmetric registered
[    2.491825] Asymmetric key parser 'x509' registered
[    2.494588] Block layer SCSI generic (bsg) driver version 0.4 loaded (major 246)
[    2.498682] io scheduler noop registered
[    2.500883] io scheduler deadline registered
[    2.503159] io scheduler cfq registered (default)
[    2.506374] ACPI: AC Adapter [AC] (on-line)
[    2.509328] input: Power Button as /devices/LNXSYSTM:00/LNXPWRBN:00/input/input0
[    2.512949] ACPI: Power Button [PWRF]
[    2.515130] input: Sleep Button as /devices/LNXSYSTM:00/LNXSLPBN:00/input/input1
[    2.552566] ACPI: Sleep Button [SLPF]
[    2.562053] ACPI: Battery Slot [BAT0] (battery present)
[    2.568299] Serial: 8250/16550 driver, 32 ports, IRQ sharing enabled
[    2.610970] 00:02: ttyS0 at I/O 0x3f8 (irq = 4, base_baud = 115200) is a 16550A
[    2.621040] Linux agpgart interface v0.103
[    2.629417] loop: module loaded
[    2.638662] scsi host0: ata_piix
[    2.676573] scsi ost1 ata_piix
[    274929] ata1: PTA mx UDMA/33 cmd 0x1f0 ctl 0x3f6 bmdma 0xd000 irq 14
[    2.878909] ata2: PATA max UDMA/33 cmd 0x170 ctl 0x376 bmdma 0xd008 irq 15

[    2.882949] libphy: Fixed MDIO Bus: probed
[    2.887010] tun: Universal TUN/TAP device driver, 1.6
[    2.895832] PPP generic driver version 2.4.2
[    2.898000] ehci_hcd: USB 2.0 'Enhanced' Host Controller (EHCI) Driver
[    2.905358] ehci-pci: EHCI PCI platform driver
[    2.920580] ehci-platform: EHCI generic platform driver
[    2.923226] ohci_hcd: USB 1.1 'Open' Host Controller (OHCI) Driver
[    2.932158] ohci-pci: OHCI PCI platform driver
[    2.945418] ohci-platform: OHCI generic platform driver
[    2.961320] uhci_hcd: USB Universal Host Controller Interface driver
[    2.964901] i8042: PNP: PS/2 Controller [PNP0303:PS2K,PNP0f03:PS2M] at 0x60,0x64 irq 1,12
[    2.975495] serio: i8042 KBD port at 0x60,0x64 irq 1
[    2.994970] serio: i8042 AUX port at 0x60,0x64 irq 12
[    3.005658] mousedev: PS/2 mouse device common for all mice
[    3.022501] input: AT Translated Set 2 keyboard as /devices/platform/i8042/serio0/input/input2
[    3.042965] rtc_cmos rtc_cmos: rtc core: registered rtc_cmos as rtc0
[    3.051803] rtc_cmos rtc_cmos: alarms up to one day, 114 bytes nvram
[    3.059069] i2c /dev entries driver
[    3.069039] device-mapper: uevent: version 1.0.3
[    3.075584] device-mapper: ioctl: 4.37.0-ioctl (2017-09-20) initialised: dm-devel@redhat.com
[    3.089385] ledtrig-cpu: registered to indicate activity on CPUs
[    3.099930] NET: Registered protocol family 10
[    3.119038] Segment Routing with IPv6
[    3.125754] NET: Registered protocol family 17
[    3.131326] Key type dns_resolver registered
[    3.143607] RAS: Correctable Errors collector initialized.
[    3.186405] sched_clock: Marking stable (3186008298, 0)->(9367053203, -6181044905)
[    3.207870] registered taskstats version 1
[    3.219512] Loading compiled-in X.509 certificates
[    3.226552] Loaded X.509 cert 'Build time autogenerated kernel key: 2ed9c0a78927f1fed24db33f01fd983502d97350'
[    3.263170] zswap: loaded using pool lzo/zbud
[    3.297738] Key type big_key registered
[    3.309994] Key type trusted registered
[    3.355282] Key type encrypted registered
[    3.370614] AppArmor: AppArmor sha1 policy hashing enabled
[    3.377552] ima: No TPM chip found, activating TPM-bypass! (rc=-19)
[    3.381810] ima: Allocated hash algorithm: sha1
[    3.406486] evm: HMAC attrs: 0x1
[    3.428514]   Magic number: 11:849:212
[    3.447439] rtc_cmos rtc_cmos: setting system clock to 2019-07-30 04:12:52 UTC (1564459972)
[    3.476116] BIOS EDD facility v0.16 2004-Jun-25, 0 devices found
[    3.523946] EDD information not available.
[    3.554260] Freeing unused kernel image memory: 2408K
[    3.600588] Write protecting the kernel read-only data: 20480k
[    3.641256] Freeing unused kernel image memory: 2008K
[    3.669464] Freeing unused kernel image memory: 1868K
[    3.694259] x86/mm: Checked W+X mappings: passed, no W+X pages found.
[    3.718742] x86/mm: Checking user space page tables
[    3.754147] x86/mm: Checked W+X mappings: passed, no W+X pages found.
Loading, please wait...
starting version 237
[    3.895469] Fusion MPT base driver 3.04.20
[    3.897824] Copyright (c) 1999-2008 LSI Corporation
[    3.910922] e1000: Intel(R) PRO/1000 Network Driver - version 7.3.21-k8-NAPI
[    3.924778] e1000: Copyright (c) 1999-2006 Intel Corporation.
[    3.965667] AVX2 version of gcm_enc/dec engaged.
[    3.967667] AES CTR mode by8 optimization enabled
[    3.970097] Fusion MPT SPI Host driver 3.04.20
[    4.166359] input: ImExPS/2 Generic Explorer Mouse as /devices/platform/i8042/serio1/input/input4
[    4.528376] e1000 0000:00:03.0 eth0: (PCI:33MHz:32-bit) 02:88:80:28:66:3a
[    5.389042] e1000 0000:00:03.0 eth0: Intel(R) PRO/1000 Network Connection
[    5.398332] mptbase: ioc0: Initiating bringup
[    6.250655] ioc0: LSI53C1030 A0: Capabilities={Initiator}
[    8.017627] scsi host2: ioc0: LSI53C1030 A0, FwRev=00000000h, Ports=1, MaxQ=256, IRQ=20
[    9.317141] scsi 2:0:0:0: Direct-Access     VBOX     HARDDISK         1.0  PQ: 0 ANSI: 5
[    9.388393] scsi target2:0:0: Beginning Domain Validation
[    9.453968] scsi target2:0:0: Domain Validation skipping write tests
[    9.456687] scsi target2:0:0: Ending Domain Validation
[    9.458958] scsi target2:0:0: asynchronous
[    9.462072] scsi 2:0:1:0: Direct-Access     VBOX     HARDDISK         1.0  PQ: 0 ANSI: 5
[    9.828150] scsi target2:0:1: Beginning Domain Validation
[    9.831324] random: fast init done
[    9.834747] scsi target2:0:1: Domain Validation skipping write tests
[    9.838029] scsi target2:0:1: Ending Domain Validation
[    9.840836] scsi target2:0:1: asynchronous
[    9.851202] sd 2:0:0:0: Attached scsi generic sg0 type 0
[    9.851241] random: systemd-udevd: uninitialized urandom read (16 bytes read)
[    9.851267] random: systemd-udevd: uninitialized urandom read (16 bytes read)
[    9.851273] random: systemd-udevd: uninitialized urandom read (16 bytes read)
[    9.895851] sd 2:0:1:0: Attached scsi generic sg1 type 0
[    9.899764] e1000 0000:00:08.0 eth1: (PCI:33MHz:32-bit) 08:00:27:85:95:d6
[    9.910606] e1000 0000:00:08.0 eth1: Intel(R) PRO/1000 Network Connection
[    9.936898] sd 2:0:0:0: [sda] 20971520 512-byte logical blocks: (10.7 GB/10.0 GiB)
[    9.946470] sd 2:0:1:0: [sdb] 20480 512-byte logical blocks: (10.5 MB/10.0 MiB)
[    9.947917] e1000 0000:00:03.0 enp0s3: renamed from eth0
[    9.949921] sd 2:0:0:0: [sda] Write Protect is off
[    9.950203] sd 2:0:0:0: [sda] Incomplete mode parameter data
[    9.950204] sd 2:0:0:0: [sda] Assuming drive cache: write through
[    9.953386]  sda: sda1
[    9.954762] sd 2:0:0:0: [sda] Attached SCSI disk
[   10.009078] sd 2:0:1:0: [sdb] Write Protect is off
[   10.023144] sd 2:0:1:0: [sdb] Incomplete mode parameter data
[   10.023737] e1000 0000:00:08.0 enp0s8: renamed from eth1
[   10.030815] sd 2:0:1:0: [sdb] Assuming drive cache: write through
[   10.043904] sd 2:0:1:0: [sdb] Attached SCSI disk
Begin: Loading essential drivers ... [   11.792340] raid6: sse2x1   gen()  6788 MB/s
[   11.864150] raid6: sse2x1   xor()  5176 MB/s
[   11.920171] raid6: sse2x2   gen()  7959 MB/s
[   11.988249] raid6: sse2x2   xor()  5598 MB/s
[   12.036234] raid6: sse2x4   gen()  9337 MB/s
[   12.104168] raid6: sse2x4   xor()  6180 MB/s
[   12.168241] raid6: avx2x1   gen() 13268 MB/s
[   12.244191] raid6: avx2x1   xor()  9535 MB/s
[   12.312117] raid6: avx2x2   gen() 16905 MB/s
[   12.372383] raid6: avx2x2   xor() 10349 MB/s
[   12.432437] raid6: avx2x4   gen() 17938 MB/s
[   12.480097] raid6: avx2x4   xor()  8567 MB/s
[   12.487396] raid6: using algorithm avx2x4 gen() 17938 MB/s
[   12.493333] raid6: .... xor() 8567 MB/s, rmw enabled
[   12.499580] raid6: using avx2x2 recovery algorithm
[   12.509767] xor: automatically using best checksumming function   avx       
[   12.522773] async_tx: api initialized (async)
done.
Begin: Running /scripts/init-premount ... done.
Begin: Mounting root file system ... Begin: Running /scripts/local-top ... done.
Begin: Running /scripts/local-premount ... [   12.631984] Btrfs loaded, crc32c=crc32c-intel
Scanning for Btrfs filesystems
done.
Warning: fsck not present, so skipping root file system
[   12.722386] EXT4-fs (sda1): INFO: recovery required on readonly filesystem
[   12.753163] EXT4-fs (sda1): write access will be enabled during recovery
[   13.717801] EXT4-fs (sda1): recovery complete
[   13.722137] EXT4-fs (sda1): mounted filesystem with ordered data mode. Opts: (null)
done.
Begin: Running /scripts/local-bottom ... done.
Begin: Running /scripts/init-bottom ... done.
[   14.092772] ip_tables: (C) 2000-2006 Netfilter Core Team
[   14.135445] systemd[1]: systemd 237 running in system mode. (+PAM +AUDIT +SELINUX +IMA +APPARMOR +SMACK +SYSVINIT +UTMP +LIBCRYPTSETUP +GCRYPT +GNUTLS +ACL +XZ +LZ4 +SECCOMP +BLKID +ELFUTILS +KMOD -IDN2 +IDN -PCRE2 default-hierarchy=hybrid)
[   14.209079] systemd[1]: Detected virtualization oracle.
[   14.230370] systemd[1]: Detected architecture x86-64.

Welcome to [1mUbuntu 18.04.2 LTS[0m!

[   14.265028] systemd[1]: Set hostname to <ubuntu-bionic>.
[   14.556003] random: crng init done
[   14.811802] random: 7 urandom warning(s) missed due to ratelimiting
[   15.122022] systemd[1]: Created slice User and Session Slice.
[[0;32m  OK  [0m] Created slice User and Session Slice.
[   15.177433] systemd[1]: Set up automount Arbitrary Executable File Formats File System Automount Point.
[[0;32m  OK  [0m] Set up automount Arbitrary Executab…rmats File System Automount Point.
[   15.212962] systemd[1]: Reached target Swap.
[[0;32m  OK  [0m] Reached target Swap.
[   15.261082] systemd[1]: Created slice System Slice.
[[0;32m  OK  [0m] Created slice System Slice.
[   15.356634] systemd[1]: Listening on Syslog Socket.
[[0;32m  OK  [0m] Listening on Syslog Socket.
[   15.440856] systemd[1]: Listening on Device-mapper event daemon FIFOs.
[[0;32m  OK  [0m] Listening on Device-mapper event daemon FIFOs.
[[0;32m  OK  [0m] Listening on LVM2 metadata daemon socket.
[[0;32m  OK  [0m] Listening on Network Service Netlink Socket.
[[0;32m  OK  [0m] Listening on LVM2 poll daemon socket.
[[0;32m  OK  [0m] Listening on udev Kernel Socket.
[[0;32m  OK  [0m] Listening on /dev/initctl Compatibility Named Pipe.
[[0;32m  OK  [0m] Reached target Slices.
[[0;32m  OK  [0m] Listening on Journal Socket (/dev/log).
[[0;32m  OK  [0m] Listening on Journal Socket.
         Starting Uncomplicated firewall...
         Starting Load Kernel Modules...
         Mounting POSIX Message Queue File System...
         Starting Remount[   15.835724] Loading iSCSI transport class v2.0-870.
 Root and Kernel File Systems...
[[0;32m  OK  [0m] Reached target User and Group Name Lookups.
         Starting Set the console keyboard layout...
[[0;32m  OK  [0m] [   15.903640] iscsi: registered transport (tcp)
Created slice system-serial\x2dgetty.slice.
         Mounting Kernel Debug File System...[   15.920812] EXT4-fs (sda1): re-mounted. Opts: (null)

         Mounting Huge Pages File System...
[[0;32m  OK  [0m] Reached target System Time Synchronized.
[[0;32m  OK  [0m] Started Forward Password Requests to Wall Directory Watch.
[   15.956571] iscsi: registered transport (iser)
         Starting Monitoring of LVM2 mirrors…ng dmeventd or progress polling...
[[0;32m  OK  [0m] Listening on udev Control Socket.
         Starting udev Coldplug all Devices...
         Starting Create list of required st…ce nodes for the current kernel...
[[0;32m  OK  [0m] Listening on Journal Audit Socket.
         Starting Journal Service...
[[0;32m  OK  [0m] Started Uncomplicated firewall.
[[0;32m  OK  [0m] Started Load Kernel Modules.
[[0;32m  OK  [0m] Mounted POSIX Message Queue File System.
[[0;32m  OK  [0m] Started Remount Root and Kernel File Systems.
[[0;32m  OK  [0m] Mounted Kernel Debug File System.
[[0;32m  OK  [0m] Mounted Huge Pages File System.
[[0;32m  OK  [0m] Started Create list of required sta…vice nodes for the current kernel.
[[0;32m  OK  [0m] Started LVM2 metadata daemon.
         Starting Create Static Device Nodes in /dev...
         Starting Load/Save Random Seed...
         Starting Initial cloud-init job (pre-networking)...
         Mounting Kernel Configuration File System...
         Starting Apply Kernel Variables...
         Mounting FUSE Control File System...
[[0;32m  OK  [0m] Started Journal Service.
[[0;32m  OK  [0m] Started Set the console keyboard layout.
[[0;32m  OK  [0m] Started Monitoring of LVM2 mirrors,…sing dmeventd or progress polling.
[[0;32m  OK  [0m] Started udev Coldplug all Devices.
[[0;32m  OK  [0m] Started Create Static Device Nodes in /dev.
[[0;32m  OK  [0m] Started Load/Save Random Seed.
[[0;32m  OK  [0m] Mounted Kernel Configuration File System.
[[0;32m  OK  [0m] Mounted FUSE Control File System.
         Starting udev Kernel Device Manager...
[[0;32m  OK  [0m] Reached target Local File Systems (Pre).
[[0;32m  OK  [0m] Reached target Local File Systems.
         Starting AppArmor initialization...
         Starting Set console font and keymap...
         Starting Tell Plymouth To Write Out Runtime Data...
         Starting ebtables ruleset management...
         Starting Flush Journal to Persistent Storage...
[[0;32m  OK  [0m] Started Apply Kernel Variables.
[[0;32m  OK  [0m] Started Set console font and keymap.
[[0;32m  OK  [0m] Started Tell Plymouth To Write Out Runtime Data.
[[0;32m  OK  [0m] Started udev Kernel Device Manager.
[[0;32m  OK  [0m] Started Dispatch Password Requests to Console Directory Watch.
[[0;32m  OK  [0m] Reached target Local Encrypted Volumes.
[[0;32m  OK  [0m] Started ebtables ruleset management.
[[0;32m  OK  [0m] Found device /dev/ttyS0.
[[0;32m  OK  [0m] Started Flush Journal to Persistent Storage.
         Starting Create Volatile Files and Directories...
[[0;32m  OK  [0m] Started Create Volatile Files and Directories.
         Starting Update UTMP about System Boot/Shutdown...
[[0;32m  OK  [0m] Started Update UTMP about System Boot/Shutdown.
[[0;32m  OK  [0m] Listening on Load/Save RF Kill Switch Status /dev/rfkill Watch.
[[0;32m  OK  [0m] Started AppArmor initialization.
[   20.450162] cloud-init[420]: Cloud-init v. 18.4-0ubuntu1~18.04.1 running 'init-local' at Tue, 30 Jul 2019 04:13:09 +0000. Up 20.11 seconds.
[[0;32m  OK  [0m] Started Initial cloud-init job (pre-networking).
[[0;32m  OK  [0m] Reached target Network (Pre).
         Starting Network Service...
[[0;32m  OK  [0m] Started Network Service.
         Starting Wait for Network to be Configured...
         Starting Network Name Resolution...
[[0;32m  OK  [0m] Started Network Name Resolution.
[[0;32m  OK  [0m] Reached target Network.
[[0;32m  OK  [0m] Reached target Host and Network Name Lookups.
[[0;32m  OK  [0m] Started Wait for Network to be Configured.
         Starting Initial cloud-init job (metadata service crawler)...
[   23.417225] cloud-init[667]: Cloud-init v. 18.4-0ubuntu1~18.04.1 running 'init' at Tue, 30 Jul 2019 04:13:12 +0000. Up 23.13 seconds.
[   23.422671] cloud-init[667]: ci-info: ++++++++++++++++++++++++++++++++++++++Net device info+++++++++++++++++++++++++++++++++++++++
[   23.435647] cloud-init[667]: ci-info: +--------+------+-----------------------------+---------------+--------+-------------------+
[   23.449977] cloud-init[667]: ci-info: | Device |  Up  |           Address           |      Mask     | Scope  |     Hw-Address    |
[   23.465994] cloud-init[667]: ci-info: +--------+------+-----------------------------+---------------+--------+-------------------+
[   23.482864] cloud-init[667]: ci-info: | enp0s3 | True |          10.0.2.15          | 255.255.255.0 | global | 02:88:80:28:66:3a |
[   23.488370] cloud-init[667]: ci-info: | enp0s3 | True |  fe80::88:80ff:fe28:663a/64 |       .       |  link  | 02:88:80:28:66:3a |
[   23.501737] cloud-init[667]: ci-info: | enp0s8 | True |        192.168.33.10        | 255.255.255.0 | global | 08:00:27:85:95:d6 |
[   23.520811] cloud-init[667]: ci-info: | enp0s8 | True | fe80::a00:27ff:fe85:95d6/64 |       .       |  link  | 08:00:27:85:95:d6 |
[   23.545617] cloud-init[667]: ci-info: |   lo   | True |          127.0.0.1          |   255.0.0.0   |  host  |         .         |
[   23.585021] cloud-init[667]: ci-info: |   lo   | True |           ::1/128           |       .       |  host  |         .         |
[   23.598943] cloud-init[667]: ci-info: +--------+------+-----------------------------+---------------+--------+-------------------+
[   23.616125] cloud-init[667]: ci-info: +++++++++++++++++++++++++++++Route IPv4 info+++++++++++++++++++++++++++++
[   23.648539] cloud-init[667]: ci-info: +-------+--------------+----------+-----------------+-----------+-------+
[   23.677121] cloud-init[667]: ci-info: | Route | Destination  | Gateway  |     Genmask     | Interface | Flags |
[   23.708695] cloud-init[667]: ci-info: +-------+--------------+----------+-----------------+-----------+-------+
[   23.741675] cloud-init[667]: ci-info: |   0   |   0.0.0.0    | 10.0.2.2 |     0.0.0.0     |   enp0s3  |   UG  |
[   23.749068] cloud-init[667]: ci-info: |   1   |   10.0.2.0   | 0.0.0.0  |  255.255.255.0  |   enp0s3  |   U   |
[   23.756368] cloud-init[667]: ci-info: |   2   |   10.0.2.2   | 0.0.0.0  | 255.255.255.255 |   enp0s3  |   UH  |
[   23.762594] cloud-init[667]: ci-info: |   3   | 192.168.33.0 | 0.0.0.0  |  255.255.255.0  |   enp0s8  |   U   |
[   23.769089] cloud-init[667]: ci-info: +-------+--------------+----------+-----------------+-----------+-------+
[   23.792092] cloud-init[667]: ci-info: +++++++++++++++++++Route IPv6 info+++++++++++++++++++
[   23.796841] cloud-init[667]: ci-info: +-------+-------------+---------+-----------+-------+
[   23.801639] cloud-init[667]: ci-info: | Route | Destination | Gateway | Interface | Flags |
[   23.805643] cloud-init[667]: ci-info: +-------+-------------+---------+-----------+-------+
[   23.810598] cloud-init[667]: ci-info: |   1   |  fe80::/64  |    ::   |   enp0s8  |   U   |
[   23.815555] cloud-init[667]: ci-info: |   2   |  fe80::/64  |    ::   |   enp0s3  |   U   |
[   23.819584] cloud-init[667]: ci-info: |   4   |    local    |    ::   |   enp0s3  |   U   |
[   23.823797] cloud-init[667]: ci-info: |   5   |    local    |    ::   |   enp0s8  |   U   |
[   23.828494] cloud-init[667]: ci-info: |   6   |   ff00::/8  |    ::   |   enp0s8  |   U   |[[0;32m  OK  [0m
] Started Initial cloud-init job (metadata service crawler).
[   23.833181] cloud-init[667]: ci-info: |   7   |   ff00::/8  |    ::   |   enp0s3  |   U   |
[   23.833478] [[0;32m  OK  [0m] Reached target System Initialization.
cloud-init[667]: ci-info: +-------+-------------+---------+-----------+-------+
[[0;32m  OK  [0m] Started Discard unused blocks once a week.
[[0;32m  OK  [0m] Started Daily apt download activities.
[[0;32m  OK  [0m] Started Daily apt upgrade and clean activities.
[[0;32m  OK  [0m] Listening on ACPID Listen Socket.
[[0;32m  OK  [0m] Started Message of the Day.
[[0;32m  OK  [0m] Listening on Open-iSCSI iscsid Socket.
[[0;32m  OK  [0m] Listening on UUID daemon activation socket.
[[0;32m  OK  [0m] Started ACPI Events Check.
[[0;32m  OK  [0m] Reached target Paths.
[[0;32m  OK  [0m] Listening on D-Bus System Message Bus Socket.
         Starting LXD - unix socket.
[[0;32m  OK  [0m] Started Daily Cleanup of Temporary Directories.
[[0;32m  OK  [0m] Reached target Timers.
         Starting Socket activation for snappy daemon.
[[0;32m  OK  [0m] Reached target Network is Online.
         Starting Availability of block devices...
[[0;32m  OK  [0m] Reached target Remote File Systems (Pre).
[[0;32m  OK  [0m] Reached target Remote File Systems.
[[0;32m  OK  [0m] Reached target Cloud-config availability.
[[0;32m  OK  [0m] Listening on LXD - unix socket.
[[0;32m  OK  [0m] Listening on Socket activation for snappy daemon.
[[0;32m  OK  [0m] Started Availability of block devices.
[[0;32m  OK  [0m] Reached target Sockets.
[[0;32m  OK  [0m] Reached target Basic System.
         Starting Dispatcher daemon for systemd-networkd...
[[0;32m  OK  [0m] Started Deferred execution scheduler.
[[0;32m  OK  [0m] Started irqbalance daemon.
         Starting System Logging Service...
         Starting LSB: automatic crash report generation...
[[0;32m  OK  [0m] Started FUSE filesystem for LXC.
         Starting Permit User Sessions...
         Starting Snappy daemon...
         Starting LSB: Record successful boot for GRUB...
         Starting Accounts Service...
[[0;32m  OK  [0m] Started Regular background program processing daemon.
[[0;32m  OK  [0m] Started D-Bus System Message Bus.
         Starting Virtualbox guest utils...
         Starting Login Service...
         Starting OpenBSD Secure Shell server...
         Starting LXD - container startup/shutdown...
[[0;32m  OK  [0m] Started System Logging Service.
[[0;32m  OK  [0m] Started Dispatcher daemon for systemd-networkd.
[[0;32m  OK  [0m] Started Permit User Sessions.
[[0;32m  OK  [0m] Started Snappy daemon.
         Starting Wait until snapd is fully seeded...
         Starting Authorization Manager...
         Starting Terminate Plymouth Boot Screen...
         Starting Hold until boot process finishes up...
[[0;32m  OK  [0m] Started OpenBSD Secure Shell server.
[[0;32m  OK  [0m] Started Terminate Plymouth Boot Screen.
[[0;32m  OK  [0m] Started Hold until boot process finishes up.
[[0;32m  OK  [0m] Started Login Service.
[[0;32m  OK  [0m] Started Unattended Upgrades Shutdown.
         Starting Set console scheme...
[[0;32m  OK  [0m] Started Serial Getty on ttyS0.
[[0;32m  OK  [0m] Started LSB: automatic crash report generation.
[[0;32m  OK  [0m] Started Wait until snapd is fully seeded.
[[0;32m  OK  [0m] Started Set console scheme.
[[0;32m  OK  [0m] Created slice system-getty.slice.
[[0;32m  OK  [0m] Started Getty on tty1.
[[0;32m  OK  [0m] Reached target Login Prompts.
         Starting Apply the settings specified in cloud-config...
[[0;32m  OK  [0m] Started LSB: Record successful boot for GRUB.
[[0;32m  OK  [0m] Created slice User Slice of vagrant.
[[0;32m  OK  [0m] Started Virtualbox guest utils.
[[0;32m  OK  [0m] Started LXD - container startup/shutdown.
[[0;32m  OK  [0m] Started Authorization Manager.
[[0;32m  OK  [0m] Started Accounts Service.
[[0;32m  OK  [0m] Started Session 1 of user vagrant.
[[0;32m  OK  [0m] Reached target Multi-User System.
[[0;32m  OK  [0m] Reached target Graphical Interface.
         Starting Update UTMP about System Runlevel Changes...
         Starting User Manager for UID 1000...
[[0;32m  OK  [0m] Started Update UTMP about System Runlevel Changes.
[[0;32m  OK  [0m] Started User Manager for UID 1000.
[   27.325144] cloud-init[978]: Cloud-init v. 18.4-0ubuntu1~18.04.1 running 'modules:config' at Tue, 30 Jul 2019 04:13:16 +0000. Up 27.11 seconds.
[[0;32m  OK  [0m] Started Apply the settings specified in cloud-config.
         Starting Execute cloud user/final scripts...
[   28.392528] cloud-init[1089]: Cloud-init v. 18.4-0ubuntu1~18.04.1 running 'modules:final' at Tue, 30 Jul 2019 04:13:17 +0000. Up 28.13 seconds.
[   28.404033] cloud-init[1089]: Cloud-init v. 18.4-0ubuntu1~18.04.1 finished at Tue, 30 Jul 2019 04:13:17 +0000. Datasource DataSourceNoCloud [seed=/dev/sdb][dsmode=net].  Up 28.38 seconds
[[0;32m  OK  [0m] Started Execute cloud user/final scripts.
         Starting Daily apt download activities...
[[0;32m  OK  [0m] Reached target Cloud-init target.

Ubuntu 18.04.2 LTS ubuntu-bionic ttyS0

ubuntu-bionic login: 